[dotenv@17.3.1] injecting env (5) from .env -- tip: 🛠️  run anywhere with `dotenvx run -- yourcommand`
Server running on port 5001 with WebSockets enabled
MongoDB Connected: localhost
Email/Notification failed to send but connection was formed: Error: Invalid login: 535 Authentication failed
    at SMTPConnection._formatError (/Users/gourav/Documents/StudyBuddyFinder/be/node_modules/nodemailer/lib/smtp-connection/index.js:865:19)
    at SMTPConnection._actionAUTHComplete (/Users/gourav/Documents/StudyBuddyFinder/be/node_modules/nodemailer/lib/smtp-connection/index.js:1670:34)
    at SMTPConnection.<anonymous> (/Users/gourav/Documents/StudyBuddyFinder/be/node_modules/nodemailer/lib/smtp-connection/index.js:604:26)
    at SMTPConnection._processResponse (/Users/gourav/Documents/StudyBuddyFinder/be/node_modules/nodemailer/lib/smtp-connection/index.js:1050:20)
    at SMTPConnection._onData (/Users/gourav/Documents/StudyBuddyFinder/be/node_modules/nodemailer/lib/smtp-connection/index.js:825:14)
    at SMTPConnection._onSocketData (/Users/gourav/Documents/StudyBuddyFinder/be/node_modules/nodemailer/lib/smtp-connection/index.js:195:44)
    at TLSSocket.emit (node:events:508:20)
    at addChunk (node:internal/streams/readable:564:12)
    at readableAddChunkPushByteMode (node:internal/streams/readable:515:3)
    at Readable.push (node:internal/streams/readable:395:5) {
  code: 'EAUTH',
  response: '535 Authentication failed',
  responseCode: 535,
  command: 'AUTH PLAIN'
}
🟢 Socket initialized:  MM9wfOjHYSzraiquAAAE
🔴 Socket terminated:  MM9wfOjHYSzraiquAAAE
🟢 Socket initialized:  ydEtQ9UrnmDGHlKRAAAI
🔴 Socket terminated:  ydEtQ9UrnmDGHlKRAAAI
🟢 Socket initialized:  KznkCQU75q4D8UbkAAAO
🔴 Socket terminated:  KznkCQU75q4D8UbkAAAO
🟢 Socket initialized:  wLff761gS13mnuh5AAAR
🔴 Socket terminated:  wLff761gS13mnuh5AAAR
🟢 Socket initialized:  KQtFOQgrdGp-ZMv-AAAV
🔴 Socket terminated:  KQtFOQgrdGp-ZMv-AAAV
🟢 Socket initialized:  I5pmJkzCuxcoQnTeAAAZ
🔴 Socket terminated:  I5pmJkzCuxcoQnTeAAAZ
